app/build/outputs/logs/manifest-merger-debug-report.txt
-- Merging decision tree log ---
manifest
ADDED from src/main/AndroidManifest.xml:2:1-17:12
	package
		ADDED from src/main/AndroidManifest.xml:3:7-47
		INJECTED from src/main/AndroidManifest.xml
		INJECTED from src/main/AndroidManifest.xml
	android:versionName
		ADDED from src/main/AndroidManifest.xml:4:31-56
		INJECTED from src/main/AndroidManifest.xml
		INJECTED from src/main/AndroidManifest.xml
	android:versionCode
		ADDED from src/main/AndroidManifest.xml:4:7-30
		INJECTED from src/main/AndroidManifest.xml
		INJECTED from src/main/AndroidManifest.xml
	xmlns:android
		ADDED from src/main/AndroidManifest.xml:2:11-69
uses-permission#android.permission.INTERNET
ADDED from src/main/AndroidManifest.xml:6:5-66
	android:name
		ADDED from src/main/AndroidManifest.xml:6:22-64
application
ADDED from src/main/AndroidManifest.xml:8:5-16:15
	android:label
		ADDED from src/main/AndroidManifest.xml:8:53-85
	android:debuggable
		ADDED from src/main/AndroidManifest.xml:8:86-111
	android:icon
		ADDED from src/main/AndroidManifest.xml:8:18-52
activity#com.shoutcastwhitelabel.player.Nagare
ADDED from src/main/AndroidManifest.xml:9:6-14:17
	android:label
		ADDED from src/main/AndroidManifest.xml:9:69-101
	android:name
		ADDED from src/main/AndroidManifest.xml:9:16-68
intent-filter#android.intent.action.MAIN+android.intent.category.LAUNCHER
ADDED from src/main/AndroidManifest.xml:10:7-13:23
action#android.intent.action.MAIN
ADDED from src/main/AndroidManifest.xml:11:8-60
	android:name
		ADDED from src/main/AndroidManifest.xml:11:16-57
category#android.intent.category.LAUNCHER
ADDED from src/main/AndroidManifest.xml:12:8-68
	android:name
		ADDED from src/main/AndroidManifest.xml:12:18-65
service#com.shoutcastwhitelabel.player.NagareService
ADDED from src/main/AndroidManifest.xml:15:5-131
	android:enabled
		ADDED from src/main/AndroidManifest.xml:15:98-120
	android:exported
		ADDED from src/main/AndroidManifest.xml:15:14-37
	android:name
		ADDED from src/main/AndroidManifest.xml:15:38-97